  [4;36;1mSQL (36.2ms)[0m   [0;1mSET NAMES 'utf8'[0m
  [4;35;1mSQL (5.6ms)[0m   [0mSET SQL_AUTO_IS_NULL=0[0m
  [4;36;1mSQL (19.8ms)[0m   [0;1mSHOW TABLES[0m
  [4;35;1mSQL (169.4ms)[0m   [0mCREATE TABLE `schema_migrations` (`version` varchar(255) NOT NULL) ENGINE=InnoDB[0m
  [4;36;1mSQL (30.5ms)[0m   [0;1mSHOW KEYS FROM `schema_migrations`[0m
  [4;35;1mSQL (117.8ms)[0m   [0mCREATE UNIQUE INDEX `unique_schema_migrations` ON `schema_migrations` (`version`)[0m
  [4;36;1mSQL (0.8ms)[0m   [0;1mSHOW TABLES[0m
  [4;35;1mSQL (32.1ms)[0m   [0mSELECT version FROM schema_migrations[0m
Migrating to CreatePosts (20100812050008)
  [4;36;1mSQL (7.2ms)[0m   [0;1mCREATE TABLE `posts` (`id` int(11) DEFAULT NULL auto_increment PRIMARY KEY, `title` varchar(255), `content` text, `created_at` datetime, `updated_at` datetime) ENGINE=InnoDB[0m
  [4;35;1mSQL (34.8ms)[0m   [0mINSERT INTO schema_migrations (version) VALUES ('20100812050008')[0m
  [4;36;1mSQL (0.9ms)[0m   [0;1mSHOW TABLES[0m
  [4;35;1mSQL (0.6ms)[0m   [0mSELECT version FROM schema_migrations[0m
  [4;36;1mSQL (0.7ms)[0m   [0;1mSHOW TABLES[0m
  [4;35;1mSQL (2.4ms)[0m   [0mSHOW FIELDS FROM `posts`[0m
  [4;36;1mSQL (36.8ms)[0m   [0;1mdescribe `posts`[0m
  [4;35;1mSQL (0.8ms)[0m   [0mSHOW KEYS FROM `posts`[0m
  [4;36;1mSQL (0.4ms)[0m   [0;1mSET NAMES 'utf8'[0m
  [4;35;1mSQL (0.3ms)[0m   [0mSET SQL_AUTO_IS_NULL=0[0m
  [4;36;1mPost Columns (2.4ms)[0m   [0;1mSHOW FIELDS FROM `posts`[0m
  [4;35;1mSQL (0.5ms)[0m   [0mBEGIN[0m
  [4;36;1mPost Create (1.1ms)[0m   [0;1mINSERT INTO `posts` (`created_at`, `title`, `updated_at`, `content`) VALUES('2010-08-12 05:05:47', 'first label', '2010-08-12 05:05:47', 'Hi people!')[0m
  [4;35;1mSQL (5.6ms)[0m   [0mCOMMIT[0m
  [4;36;1mSQL (0.4ms)[0m   [0;1mSET NAMES 'utf8'[0m
  [4;35;1mSQL (0.4ms)[0m   [0mSET SQL_AUTO_IS_NULL=0[0m


Processing PostsController#index (for 127.0.0.1 at 2010-08-11 22:14:13) [GET]
  [4;36;1mPost Load (53.0ms)[0m   [0;1mSELECT * FROM `posts` [0m
Rendering posts/index
  [4;35;1mPost Columns (2.2ms)[0m   [0mSHOW FIELDS FROM `posts`[0m
Completed in 386ms (View: 274, DB: 56) | 200 OK [http://localhost/posts]
  [4;36;1mSQL (1.4ms)[0m   [0;1mSET NAMES 'utf8'[0m
  [4;35;1mSQL (0.7ms)[0m   [0mSET SQL_AUTO_IS_NULL=0[0m
  [4;36;1mSQL (3.3ms)[0m   [0;1mSHOW TABLES[0m
  [4;35;1mSQL (1.0ms)[0m   [0mSELECT version FROM schema_migrations[0m
Migrating to CreatePosts (20100812050008)
Migrating to CreateComments (20100812053957)
  [4;36;1mSQL (66.8ms)[0m   [0;1mCREATE TABLE `comments` (`id` int(11) DEFAULT NULL auto_increment PRIMARY KEY, `nickname` varchar(255), `body` text, `post_id` int(11), `created_at` datetime, `updated_at` datetime) ENGINE=InnoDB[0m
  [4;35;1mSQL (4.2ms)[0m   [0mINSERT INTO schema_migrations (version) VALUES ('20100812053957')[0m
  [4;36;1mSQL (1.0ms)[0m   [0;1mSHOW TABLES[0m
  [4;35;1mSQL (0.9ms)[0m   [0mSELECT version FROM schema_migrations[0m
  [4;36;1mSQL (0.8ms)[0m   [0;1mSHOW TABLES[0m
  [4;35;1mSQL (3.6ms)[0m   [0mSHOW FIELDS FROM `comments`[0m
  [4;36;1mSQL (2.6ms)[0m   [0;1mdescribe `comments`[0m
  [4;35;1mSQL (1.1ms)[0m   [0mSHOW KEYS FROM `comments`[0m
  [4;36;1mSQL (2.2ms)[0m   [0;1mSHOW FIELDS FROM `posts`[0m
  [4;35;1mSQL (1.6ms)[0m   [0mdescribe `posts`[0m
  [4;36;1mSQL (1.0ms)[0m   [0;1mSHOW KEYS FROM `posts`[0m
  [4;36;1mSQL (0.4ms)[0m   [0;1mSET NAMES 'utf8'[0m
  [4;35;1mSQL (0.3ms)[0m   [0mSET SQL_AUTO_IS_NULL=0[0m
  [4;36;1mSQL (1.0ms)[0m   [0;1mSHOW TABLES[0m
  [4;35;1mSQL (0.4ms)[0m   [0mSELECT version FROM schema_migrations[0m
  [4;36;1mSQL (0.8ms)[0m   [0;1mSHOW TABLES[0m
  [4;35;1mSQL (0.3ms)[0m   [0mSELECT version FROM schema_migrations[0m
Migrating to CreateComments (20100812053957)
  [4;36;1mSQL (40.2ms)[0m   [0;1mDROP TABLE `comments`[0m
  [4;35;1mSQL (104.6ms)[0m   [0mDELETE FROM schema_migrations WHERE version = '20100812053957'[0m
  [4;36;1mSQL (0.8ms)[0m   [0;1mSHOW TABLES[0m
  [4;35;1mSQL (0.8ms)[0m   [0mSELECT version FROM schema_migrations[0m
  [4;36;1mSQL (0.7ms)[0m   [0;1mSHOW TABLES[0m
  [4;35;1mSQL (2.0ms)[0m   [0mSHOW FIELDS FROM `posts`[0m
  [4;36;1mSQL (1.7ms)[0m   [0;1mdescribe `posts`[0m
  [4;35;1mSQL (0.8ms)[0m   [0mSHOW KEYS FROM `posts`[0m
  [4;36;1mSQL (1.5ms)[0m   [0;1mSHOW TABLES[0m
  [4;35;1mSQL (0.3ms)[0m   [0mSELECT version FROM schema_migrations[0m
Migrating to CreatePosts (20100812050008)
Migrating to CreateComments (20100812053957)
  [4;36;1mSQL (41.0ms)[0m   [0;1mCREATE TABLE `comments` (`id` int(11) DEFAULT NULL auto_increment PRIMARY KEY, `nickname` varchar(255), `body` text, `post_id` int(11), `created_at` datetime, `updated_at` datetime) ENGINE=InnoDB[0m
  [4;35;1mSQL (3.0ms)[0m   [0mINSERT INTO schema_migrations (version) VALUES ('20100812053957')[0m
  [4;36;1mSQL (0.9ms)[0m   [0;1mSHOW TABLES[0m
  [4;35;1mSQL (0.6ms)[0m   [0mSELECT version FROM schema_migrations[0m
  [4;36;1mSQL (3.6ms)[0m   [0;1mSHOW TABLES[0m
  [4;35;1mSQL (8.7ms)[0m   [0mSHOW FIELDS FROM `comments`[0m
  [4;36;1mSQL (4.8ms)[0m   [0;1mdescribe `comments`[0m
  [4;35;1mSQL (0.8ms)[0m   [0mSHOW KEYS FROM `comments`[0m
  [4;36;1mSQL (1.7ms)[0m   [0;1mSHOW FIELDS FROM `posts`[0m
  [4;35;1mSQL (1.5ms)[0m   [0mdescribe `posts`[0m
  [4;36;1mSQL (1.3ms)[0m   [0;1mSHOW KEYS FROM `posts`[0m
  [4;36;1mSQL (0.4ms)[0m   [0;1mSET NAMES 'utf8'[0m
  [4;35;1mSQL (1.3ms)[0m   [0mSET SQL_AUTO_IS_NULL=0[0m
  [4;36;1mSQL (1.2ms)[0m   [0;1mSHOW TABLES[0m
  [4;36;1mSQL (0.6ms)[0m   [0;1mSET NAMES 'utf8'[0m
  [4;35;1mSQL (0.4ms)[0m   [0mSET SQL_AUTO_IS_NULL=0[0m
  [4;36;1mSQL (1.0ms)[0m   [0;1mSHOW TABLES[0m
  [4;36;1mSQL (0.4ms)[0m   [0;1mSET NAMES 'utf8'[0m
  [4;35;1mSQL (0.2ms)[0m   [0mSET SQL_AUTO_IS_NULL=0[0m
  [4;36;1mSQL (0.9ms)[0m   [0;1mSHOW TABLES[0m
  [4;36;1mSQL (0.4ms)[0m   [0;1mSET NAMES 'utf8'[0m
  [4;35;1mSQL (0.3ms)[0m   [0mSET SQL_AUTO_IS_NULL=0[0m
  [4;36;1mSQL (1.1ms)[0m   [0;1mSHOW TABLES[0m
  [4;35;1mSQL (0.5ms)[0m   [0mSELECT version FROM schema_migrations[0m
  [4;36;1mSQL (9.3ms)[0m   [0;1mDROP TABLE `posts`[0m
  [4;35;1mSQL (14.5ms)[0m   [0mDELETE FROM schema_migrations WHERE version = '20100812050008'[0m
  [4;36;1mSQL (0.9ms)[0m   [0;1mSHOW TABLES[0m
  [4;35;1mSQL (0.5ms)[0m   [0mSELECT version FROM schema_migrations[0m
  [4;36;1mSQL (5.3ms)[0m   [0;1mSHOW TABLES[0m
  [4;35;1mSQL (2.1ms)[0m   [0mSHOW FIELDS FROM `comments`[0m
  [4;36;1mSQL (1.8ms)[0m   [0;1mdescribe `comments`[0m
  [4;35;1mSQL (0.8ms)[0m   [0mSHOW KEYS FROM `comments`[0m
  [4;36;1mSQL (0.5ms)[0m   [0;1mSET NAMES 'utf8'[0m
  [4;35;1mSQL (0.4ms)[0m   [0mSET SQL_AUTO_IS_NULL=0[0m
  [4;36;1mSQL (1.0ms)[0m   [0;1mSHOW TABLES[0m
  [4;35;1mSQL (0.3ms)[0m   [0mSELECT version FROM schema_migrations[0m
Migrating to CreatePosts (20100812050008)
  [4;36;1mSQL (195.1ms)[0m   [0;1mCREATE TABLE `posts` (`id` int(11) DEFAULT NULL auto_increment PRIMARY KEY, `title` varchar(255), `content` text, `created_at` datetime, `updated_at` datetime) ENGINE=InnoDB[0m
  [4;35;1mSQL (6.6ms)[0m   [0mINSERT INTO schema_migrations (version) VALUES ('20100812050008')[0m
Migrating to CreateComments (20100812053957)
  [4;36;1mSQL (1.0ms)[0m   [0;1mSHOW TABLES[0m
  [4;35;1mSQL (0.6ms)[0m   [0mSELECT version FROM schema_migrations[0m
  [4;36;1mSQL (0.9ms)[0m   [0;1mSHOW TABLES[0m
  [4;35;1mSQL (1.7ms)[0m   [0mSHOW FIELDS FROM `comments`[0m
  [4;36;1mSQL (2.6ms)[0m   [0;1mdescribe `comments`[0m
  [4;35;1mSQL (0.8ms)[0m   [0mSHOW KEYS FROM `comments`[0m
  [4;36;1mSQL (2.2ms)[0m   [0;1mSHOW FIELDS FROM `posts`[0m
  [4;35;1mSQL (1.7ms)[0m   [0mdescribe `posts`[0m
  [4;36;1mSQL (1.3ms)[0m   [0;1mSHOW KEYS FROM `posts`[0m
  [4;36;1mSQL (87.0ms)[0m   [0;1mSET NAMES 'utf8'[0m
  [4;35;1mSQL (78.9ms)[0m   [0mSET SQL_AUTO_IS_NULL=0[0m


Processing CommentsController#index (for 127.0.0.1 at 2010-08-12 22:17:13) [GET]
  [4;36;1mComment Load (204.7ms)[0m   [0;1mSELECT * FROM `comments` [0m

ActionView::MissingTemplate (Missing template comments/index.erb in view path app/views):
  /usr/lib/ruby/1.8/webrick/httpserver.rb:104:in `service'
  /usr/lib/ruby/1.8/webrick/httpserver.rb:65:in `run'
  /usr/lib/ruby/1.8/webrick/server.rb:173:in `start_thread'
  /usr/lib/ruby/1.8/webrick/server.rb:162:in `start'
  /usr/lib/ruby/1.8/webrick/server.rb:162:in `start_thread'
  /usr/lib/ruby/1.8/webrick/server.rb:95:in `start'
  /usr/lib/ruby/1.8/webrick/server.rb:92:in `each'
  /usr/lib/ruby/1.8/webrick/server.rb:92:in `start'
  /usr/lib/ruby/1.8/webrick/server.rb:23:in `start'
  /usr/lib/ruby/1.8/webrick/server.rb:82:in `start'

Rendering rescues/layout (internal_server_error)
  [4;35;1mSQL (0.6ms)[0m   [0mSET NAMES 'utf8'[0m
  [4;36;1mSQL (10.5ms)[0m   [0;1mSET SQL_AUTO_IS_NULL=0[0m


Processing CommentsController#index (for 127.0.0.1 at 2010-08-12 22:23:38) [GET]
  [4;35;1mComment Load (0.6ms)[0m   [0mSELECT * FROM `comments` [0m
Rendering comments/index
Completed in 255ms (View: 230, DB: 12) | 200 OK [http://localhost/comments]
  [4;36;1mSQL (0.5ms)[0m   [0;1mSET NAMES 'utf8'[0m
  [4;35;1mSQL (0.2ms)[0m   [0mSET SQL_AUTO_IS_NULL=0[0m


Processing CommentsController#new (for 127.0.0.1 at 2010-08-12 22:23:43) [GET]
  [4;36;1mComment Columns (29.5ms)[0m   [0;1mSHOW FIELDS FROM `comments`[0m

ActionView::MissingTemplate (Missing template comments/new.erb in view path app/views):
  /usr/lib/ruby/1.8/webrick/httpserver.rb:104:in `service'
  /usr/lib/ruby/1.8/webrick/httpserver.rb:65:in `run'
  /usr/lib/ruby/1.8/webrick/server.rb:173:in `start_thread'
  /usr/lib/ruby/1.8/webrick/server.rb:162:in `start'
  /usr/lib/ruby/1.8/webrick/server.rb:162:in `start_thread'
  /usr/lib/ruby/1.8/webrick/server.rb:95:in `start'
  /usr/lib/ruby/1.8/webrick/server.rb:92:in `each'
  /usr/lib/ruby/1.8/webrick/server.rb:92:in `start'
  /usr/lib/ruby/1.8/webrick/server.rb:23:in `start'
  /usr/lib/ruby/1.8/webrick/server.rb:82:in `start'

Rendering rescues/layout (internal_server_error)
  [4;35;1mSQL (0.4ms)[0m   [0mSET NAMES 'utf8'[0m
  [4;36;1mSQL (0.2ms)[0m   [0;1mSET SQL_AUTO_IS_NULL=0[0m


Processing CommentsController#index (for 127.0.0.1 at 2010-08-12 22:25:35) [GET]
  [4;35;1mComment Load (0.4ms)[0m   [0mSELECT * FROM `comments` [0m
Rendering comments/index
Completed in 46ms (View: 21, DB: 1) | 200 OK [http://localhost/comments]
  [4;36;1mSQL (0.4ms)[0m   [0;1mSET NAMES 'utf8'[0m
  [4;35;1mSQL (0.2ms)[0m   [0mSET SQL_AUTO_IS_NULL=0[0m


Processing CommentsController#index (for 127.0.0.1 at 2010-08-12 22:25:37) [GET]
  [4;36;1mComment Load (7.8ms)[0m   [0;1mSELECT * FROM `comments` [0m
Rendering comments/index
Completed in 39ms (View: 7, DB: 8) | 200 OK [http://localhost/comments]
  [4;35;1mSQL (0.2ms)[0m   [0mSET NAMES 'utf8'[0m
  [4;36;1mSQL (0.2ms)[0m   [0;1mSET SQL_AUTO_IS_NULL=0[0m


Processing CommentsController#index (for 127.0.0.1 at 2010-08-12 22:25:53) [GET]
  [4;35;1mComment Load (0.5ms)[0m   [0mSELECT * FROM `comments` [0m
Rendering comments/index
Completed in 79ms (View: 33, DB: 1) | 200 OK [http://localhost/comments]
  [4;36;1mSQL (0.4ms)[0m   [0;1mSET NAMES 'utf8'[0m
  [4;35;1mSQL (0.3ms)[0m   [0mSET SQL_AUTO_IS_NULL=0[0m
  [4;36;1mComment Columns (2.8ms)[0m   [0;1mSHOW FIELDS FROM `comments`[0m
  [4;35;1mSQL (0.4ms)[0m   [0mBEGIN[0m
  [4;36;1mComment Create (65.7ms)[0m   [0;1mINSERT INTO `comments` (`created_at`, `body`, `nickname`, `updated_at`, `post_id`) VALUES('2010-08-13 05:26:55', 'Hello guys!', 'Grisha', '2010-08-13 05:26:55', NULL)[0m
  [4;35;1mSQL (9.2ms)[0m   [0mCOMMIT[0m
  [4;36;1mSQL (0.3ms)[0m   [0;1mSET NAMES 'utf8'[0m
  [4;35;1mSQL (0.3ms)[0m   [0mSET SQL_AUTO_IS_NULL=0[0m


Processing CommentsController#index (for 127.0.0.1 at 2010-08-12 22:26:58) [GET]
  [4;36;1mComment Load (4.9ms)[0m   [0;1mSELECT * FROM `comments` [0m
Rendering comments/index
  [4;35;1mComment Columns (7.9ms)[0m   [0mSHOW FIELDS FROM `comments`[0m
Completed in 62ms (View: 26, DB: 13) | 200 OK [http://localhost/comments]
  [4;36;1mSQL (0.5ms)[0m   [0;1mSET NAMES 'utf8'[0m
  [4;35;1mSQL (0.3ms)[0m   [0mSET SQL_AUTO_IS_NULL=0[0m


Processing CommentsController#new (for 127.0.0.1 at 2010-08-12 22:33:26) [GET]
  [4;36;1mComment Columns (3.0ms)[0m   [0;1mSHOW FIELDS FROM `comments`[0m
Rendering comments/new
Completed in 328ms (View: 295, DB: 4) | 200 OK [http://localhost/comments/new]
  [4;35;1mSQL (0.3ms)[0m   [0mSET NAMES 'utf8'[0m
  [4;36;1mSQL (0.2ms)[0m   [0;1mSET SQL_AUTO_IS_NULL=0[0m


Processing CommentsController#index (for 127.0.0.1 at 2010-08-12 22:35:22) [GET]
  [4;35;1mComment Load (0.7ms)[0m   [0mSELECT * FROM `comments` [0m
Rendering comments/index
  [4;36;1mComment Columns (2.9ms)[0m   [0;1mSHOW FIELDS FROM `comments`[0m
Completed in 40ms (View: 11, DB: 4) | 200 OK [http://localhost/comments]
  [4;35;1mSQL (0.3ms)[0m   [0mSET NAMES 'utf8'[0m
  [4;36;1mSQL (0.2ms)[0m   [0;1mSET SQL_AUTO_IS_NULL=0[0m


Processing CommentsController#edit (for 127.0.0.1 at 2010-08-12 22:35:24) [GET]
  Parameters: {"id"=>"1"}
  [4;35;1mComment Columns (5.7ms)[0m   [0mSHOW FIELDS FROM `comments`[0m
  [4;36;1mComment Load (37.5ms)[0m   [0;1mSELECT * FROM `comments` WHERE (`comments`.`id` = 1) [0m
Rendering comments/edit
Completed in 289ms (View: 217, DB: 44) | 200 OK [http://localhost/comments/edit/1]
  [4;35;1mSQL (0.3ms)[0m   [0mSET NAMES 'utf8'[0m
  [4;36;1mSQL (0.2ms)[0m   [0;1mSET SQL_AUTO_IS_NULL=0[0m


Processing CommentsController#show (for 127.0.0.1 at 2010-08-12 22:36:38) [GET]
  Parameters: {"id"=>"1"}
  [4;35;1mComment Columns (2.4ms)[0m   [0mSHOW FIELDS FROM `comments`[0m
  [4;36;1mComment Load (0.3ms)[0m   [0;1mSELECT * FROM `comments` WHERE (`comments`.`id` = 1) [0m

ActionView::MissingTemplate (Missing template comments/show.erb in view path app/views):
  /usr/lib/ruby/1.8/webrick/httpserver.rb:104:in `service'
  /usr/lib/ruby/1.8/webrick/httpserver.rb:65:in `run'
  /usr/lib/ruby/1.8/webrick/server.rb:173:in `start_thread'
  /usr/lib/ruby/1.8/webrick/server.rb:162:in `start'
  /usr/lib/ruby/1.8/webrick/server.rb:162:in `start_thread'
  /usr/lib/ruby/1.8/webrick/server.rb:95:in `start'
  /usr/lib/ruby/1.8/webrick/server.rb:92:in `each'
  /usr/lib/ruby/1.8/webrick/server.rb:92:in `start'
  /usr/lib/ruby/1.8/webrick/server.rb:23:in `start'
  /usr/lib/ruby/1.8/webrick/server.rb:82:in `start'

Rendering rescues/layout (internal_server_error)
  [4;35;1mSQL (0.4ms)[0m   [0mSET NAMES 'utf8'[0m
  [4;36;1mSQL (0.4ms)[0m   [0;1mSET SQL_AUTO_IS_NULL=0[0m


Processing CommentsController#show (for 127.0.0.1 at 2010-08-12 22:36:41) [GET]
  Parameters: {"id"=>"1"}
  [4;35;1mComment Columns (2.3ms)[0m   [0mSHOW FIELDS FROM `comments`[0m
  [4;36;1mComment Load (0.3ms)[0m   [0;1mSELECT * FROM `comments` WHERE (`comments`.`id` = 1) [0m

ActionView::MissingTemplate (Missing template comments/show.erb in view path app/views):
  /usr/lib/ruby/1.8/webrick/httpserver.rb:104:in `service'
  /usr/lib/ruby/1.8/webrick/httpserver.rb:65:in `run'
  /usr/lib/ruby/1.8/webrick/server.rb:173:in `start_thread'
  /usr/lib/ruby/1.8/webrick/server.rb:162:in `start'
  /usr/lib/ruby/1.8/webrick/server.rb:162:in `start_thread'
  /usr/lib/ruby/1.8/webrick/server.rb:95:in `start'
  /usr/lib/ruby/1.8/webrick/server.rb:92:in `each'
  /usr/lib/ruby/1.8/webrick/server.rb:92:in `start'
  /usr/lib/ruby/1.8/webrick/server.rb:23:in `start'
  /usr/lib/ruby/1.8/webrick/server.rb:82:in `start'

Rendering rescues/layout (internal_server_error)
  [4;35;1mSQL (0.3ms)[0m   [0mSET NAMES 'utf8'[0m
  [4;36;1mSQL (0.2ms)[0m   [0;1mSET SQL_AUTO_IS_NULL=0[0m


Processing CommentsController#show (for 127.0.0.1 at 2010-08-12 22:36:48) [GET]
  Parameters: {"id"=>"1"}
  [4;35;1mComment Columns (2.6ms)[0m   [0mSHOW FIELDS FROM `comments`[0m
  [4;36;1mComment Load (0.4ms)[0m   [0;1mSELECT * FROM `comments` WHERE (`comments`.`id` = 1) [0m

ActionView::MissingTemplate (Missing template comments/show.erb in view path app/views):
  /usr/lib/ruby/1.8/webrick/httpserver.rb:104:in `service'
  /usr/lib/ruby/1.8/webrick/httpserver.rb:65:in `run'
  /usr/lib/ruby/1.8/webrick/server.rb:173:in `start_thread'
  /usr/lib/ruby/1.8/webrick/server.rb:162:in `start'
  /usr/lib/ruby/1.8/webrick/server.rb:162:in `start_thread'
  /usr/lib/ruby/1.8/webrick/server.rb:95:in `start'
  /usr/lib/ruby/1.8/webrick/server.rb:92:in `each'
  /usr/lib/ruby/1.8/webrick/server.rb:92:in `start'
  /usr/lib/ruby/1.8/webrick/server.rb:23:in `start'
  /usr/lib/ruby/1.8/webrick/server.rb:82:in `start'

Rendering rescues/layout (internal_server_error)
  [4;35;1mSQL (0.6ms)[0m   [0mSET NAMES 'utf8'[0m
  [4;36;1mSQL (0.3ms)[0m   [0;1mSET SQL_AUTO_IS_NULL=0[0m


Processing CommentsController#show (for 127.0.0.1 at 2010-08-12 22:36:52) [GET]
  Parameters: {"id"=>"1"}
  [4;35;1mComment Columns (2.8ms)[0m   [0mSHOW FIELDS FROM `comments`[0m
  [4;36;1mComment Load (0.6ms)[0m   [0;1mSELECT * FROM `comments` WHERE (`comments`.`id` = 1) [0m

ActionView::MissingTemplate (Missing template comments/show.erb in view path app/views):
  /usr/lib/ruby/1.8/webrick/httpserver.rb:104:in `service'
  /usr/lib/ruby/1.8/webrick/httpserver.rb:65:in `run'
  /usr/lib/ruby/1.8/webrick/server.rb:173:in `start_thread'
  /usr/lib/ruby/1.8/webrick/server.rb:162:in `start'
  /usr/lib/ruby/1.8/webrick/server.rb:162:in `start_thread'
  /usr/lib/ruby/1.8/webrick/server.rb:95:in `start'
  /usr/lib/ruby/1.8/webrick/server.rb:92:in `each'
  /usr/lib/ruby/1.8/webrick/server.rb:92:in `start'
  /usr/lib/ruby/1.8/webrick/server.rb:23:in `start'
  /usr/lib/ruby/1.8/webrick/server.rb:82:in `start'

Rendering rescues/layout (internal_server_error)
  [4;35;1mSQL (0.3ms)[0m   [0mSET NAMES 'utf8'[0m
  [4;36;1mSQL (0.2ms)[0m   [0;1mSET SQL_AUTO_IS_NULL=0[0m


Processing CommentsController#show (for 127.0.0.1 at 2010-08-12 22:37:15) [GET]
  Parameters: {"id"=>"1"}
  [4;35;1mComment Columns (2.1ms)[0m   [0mSHOW FIELDS FROM `comments`[0m
  [4;36;1mComment Load (0.4ms)[0m   [0;1mSELECT * FROM `comments` WHERE (`comments`.`id` = 1) [0m
Rendering comments/show
Completed in 47ms (View: 22, DB: 3) | 200 OK [http://localhost/comments/show/1]
  [4;35;1mSQL (0.5ms)[0m   [0mSET NAMES 'utf8'[0m
  [4;36;1mSQL (0.3ms)[0m   [0;1mSET SQL_AUTO_IS_NULL=0[0m


Processing CommentsController#edit (for 127.0.0.1 at 2010-08-12 22:37:49) [GET]
  Parameters: {"id"=>"1"}
  [4;35;1mComment Columns (2.0ms)[0m   [0mSHOW FIELDS FROM `comments`[0m
  [4;36;1mComment Load (0.3ms)[0m   [0;1mSELECT * FROM `comments` WHERE (`comments`.`id` = 1) [0m
Rendering comments/edit
Completed in 42ms (View: 15, DB: 3) | 200 OK [http://localhost/comments/edit/1]
  [4;35;1mSQL (0.2ms)[0m   [0mSET NAMES 'utf8'[0m
  [4;36;1mSQL (0.2ms)[0m   [0;1mSET SQL_AUTO_IS_NULL=0[0m


Processing CommentsController#show (for 127.0.0.1 at 2010-08-12 22:37:58) [GET]
  Parameters: {"id"=>"1"}
  [4;35;1mComment Columns (2.1ms)[0m   [0mSHOW FIELDS FROM `comments`[0m
  [4;36;1mComment Load (0.4ms)[0m   [0;1mSELECT * FROM `comments` WHERE (`comments`.`id` = 1) [0m
Rendering comments/show
Completed in 51ms (View: 21, DB: 3) | 200 OK [http://localhost/comments/show/1]
  [4;35;1mSQL (0.4ms)[0m   [0mSET NAMES 'utf8'[0m
  [4;36;1mSQL (0.2ms)[0m   [0;1mSET SQL_AUTO_IS_NULL=0[0m


Processing CommentsController#edit (for 127.0.0.1 at 2010-08-12 22:37:59) [GET]
  Parameters: {"id"=>"1"}
  [4;35;1mComment Columns (3.2ms)[0m   [0mSHOW FIELDS FROM `comments`[0m
  [4;36;1mComment Load (0.7ms)[0m   [0;1mSELECT * FROM `comments` WHERE (`comments`.`id` = 1) [0m
Rendering comments/edit
Completed in 230ms (View: 12, DB: 4) | 200 OK [http://localhost/comments/edit/1]
  [4;35;1mSQL (0.8ms)[0m   [0mSET NAMES 'utf8'[0m
  [4;36;1mSQL (0.4ms)[0m   [0;1mSET SQL_AUTO_IS_NULL=0[0m


Processing CommentsController#index (for 127.0.0.1 at 2010-08-12 22:57:01) [GET]
  [4;35;1mComment Load (0.6ms)[0m   [0mSELECT * FROM `comments` [0m
Rendering comments/index
  [4;36;1mComment Columns (3.8ms)[0m   [0;1mSHOW FIELDS FROM `comments`[0m
Completed in 64ms (View: 38, DB: 6) | 200 OK [http://localhost/comments]
  [4;35;1mSQL (0.4ms)[0m   [0mSET NAMES 'utf8'[0m
  [4;36;1mSQL (0.2ms)[0m   [0;1mSET SQL_AUTO_IS_NULL=0[0m


Processing CommentsController#show (for 127.0.0.1 at 2010-08-12 22:57:05) [GET]
  Parameters: {"id"=>"1"}
  [4;35;1mComment Columns (2.1ms)[0m   [0mSHOW FIELDS FROM `comments`[0m
  [4;36;1mComment Load (0.8ms)[0m   [0;1mSELECT * FROM `comments` WHERE (`comments`.`id` = 1) [0m
Rendering comments/show
Completed in 38ms (View: 10, DB: 4) | 200 OK [http://localhost/comments/1]
  [4;35;1mSQL (0.5ms)[0m   [0mSET NAMES 'utf8'[0m
  [4;36;1mSQL (0.2ms)[0m   [0;1mSET SQL_AUTO_IS_NULL=0[0m


Processing CommentsController#index (for 127.0.0.1 at 2010-08-12 22:57:54) [GET]
  [4;35;1mComment Load (0.4ms)[0m   [0mSELECT * FROM `comments` [0m
Rendering comments/index
  [4;36;1mComment Columns (2.3ms)[0m   [0;1mSHOW FIELDS FROM `comments`[0m
Completed in 53ms (View: 28, DB: 3) | 200 OK [http://localhost/comments]
  [4;35;1mSQL (0.3ms)[0m   [0mSET NAMES 'utf8'[0m
  [4;36;1mSQL (0.3ms)[0m   [0;1mSET SQL_AUTO_IS_NULL=0[0m


Processing CommentsController#edit (for 127.0.0.1 at 2010-08-12 22:57:56) [GET]
  Parameters: {"id"=>"1"}
  [4;35;1mComment Columns (3.6ms)[0m   [0mSHOW FIELDS FROM `comments`[0m
  [4;36;1mComment Load (0.4ms)[0m   [0;1mSELECT * FROM `comments` WHERE (`comments`.`id` = 1) [0m
Rendering comments/edit
Completed in 65ms (View: 17, DB: 5) | 200 OK [http://localhost/comments/1/edit]
  [4;35;1mSQL (0.7ms)[0m   [0mSET NAMES 'utf8'[0m
  [4;36;1mSQL (0.3ms)[0m   [0;1mSET SQL_AUTO_IS_NULL=0[0m


Processing CommentsController#index (for 127.0.0.1 at 2010-08-12 22:58:58) [GET]
  [4;35;1mComment Load (0.7ms)[0m   [0mSELECT * FROM `comments` [0m
Rendering comments/index
  [4;36;1mComment Columns (2.8ms)[0m   [0;1mSHOW FIELDS FROM `comments`[0m

ActionView::TemplateError (uninitialized constant ActionView::Base::CompiledTemplates::DELETE) on line #9 of app/views/comments/index.html.erb:
6:   <p>text<%= comment.body %></p>
7:   <%= link_to "Show", comment_path(comment) %>
8:   <%= link_to "Edit", edit_comment_path(comment) %>
9:   <%= link_to "Delete", comment_path(comment), :confirm => "Are you sure?", :method => DELETE %>
10: <% end %>
11: <hr/>
12:   <%= link_to "Create a new comment!", :controller => 'comments', :action => 'new' %>

    app/views/comments/index.html.erb:9
    app/views/comments/index.html.erb:4:in `each'
    app/views/comments/index.html.erb:4
    /usr/lib/ruby/1.8/webrick/httpserver.rb:104:in `service'
    /usr/lib/ruby/1.8/webrick/httpserver.rb:65:in `run'
    /usr/lib/ruby/1.8/webrick/server.rb:173:in `start_thread'
    /usr/lib/ruby/1.8/webrick/server.rb:162:in `start'
    /usr/lib/ruby/1.8/webrick/server.rb:162:in `start_thread'
    /usr/lib/ruby/1.8/webrick/server.rb:95:in `start'
    /usr/lib/ruby/1.8/webrick/server.rb:92:in `each'
    /usr/lib/ruby/1.8/webrick/server.rb:92:in `start'
    /usr/lib/ruby/1.8/webrick/server.rb:23:in `start'
    /usr/lib/ruby/1.8/webrick/server.rb:82:in `start'

Rendered rescues/_trace (414.6ms)
Rendered rescues/_request_and_response (31.5ms)
Rendering rescues/layout (internal_server_error)
  [4;35;1mSQL (0.3ms)[0m   [0mSET NAMES 'utf8'[0m
  [4;36;1mSQL (0.2ms)[0m   [0;1mSET SQL_AUTO_IS_NULL=0[0m


Processing CommentsController#index (for 127.0.0.1 at 2010-08-12 22:59:38) [GET]
  [4;35;1mComment Load (0.4ms)[0m   [0mSELECT * FROM `comments` [0m
Rendering comments/index
  [4;36;1mComment Columns (5.7ms)[0m   [0;1mSHOW FIELDS FROM `comments`[0m
Completed in 79ms (View: 37, DB: 7) | 200 OK [http://localhost/comments]
  [4;35;1mSQL (0.3ms)[0m   [0mSET NAMES 'utf8'[0m
  [4;36;1mSQL (0.9ms)[0m   [0;1mSET SQL_AUTO_IS_NULL=0[0m


Processing CommentsController#index (for 127.0.0.1 at 2010-08-12 23:00:21) [GET]
  [4;35;1mComment Load (0.4ms)[0m   [0mSELECT * FROM `comments` [0m
Rendering comments/index
  [4;36;1mComment Columns (2.4ms)[0m   [0;1mSHOW FIELDS FROM `comments`[0m
Completed in 79ms (View: 36, DB: 4) | 200 OK [http://localhost/comments]
  [4;35;1mSQL (0.4ms)[0m   [0mSET NAMES 'utf8'[0m
  [4;36;1mSQL (0.3ms)[0m   [0;1mSET SQL_AUTO_IS_NULL=0[0m


Processing CommentsController#create (for 127.0.0.1 at 2010-08-12 23:00:23) [POST]
  Parameters: {"authenticity_token"=>"WByII7E8dpX1ZiEvbZlKjlJJppGDDJiWKzfyjf7Zomg="}
  [4;35;1mComment Columns (2.2ms)[0m   [0mSHOW FIELDS FROM `comments`[0m
  [4;36;1mSQL (0.4ms)[0m   [0;1mBEGIN[0m
  [4;35;1mComment Create (2.2ms)[0m   [0mINSERT INTO `comments` (`created_at`, `body`, `nickname`, `updated_at`, `post_id`) VALUES('2010-08-13 06:00:23', NULL, NULL, '2010-08-13 06:00:23', NULL)[0m
  [4;36;1mSQL (4.2ms)[0m   [0;1mCOMMIT[0m
Redirected to http://localhost:3000/comments
Completed in 41ms (DB: 10) | 302 Found [http://localhost/comments]
  [4;35;1mSQL (0.2ms)[0m   [0mSET NAMES 'utf8'[0m
  [4;36;1mSQL (0.2ms)[0m   [0;1mSET SQL_AUTO_IS_NULL=0[0m


Processing CommentsController#index (for 127.0.0.1 at 2010-08-12 23:00:23) [GET]
  [4;35;1mComment Load (1.1ms)[0m   [0mSELECT * FROM `comments` [0m
Rendering comments/index
  [4;36;1mComment Columns (2.2ms)[0m   [0;1mSHOW FIELDS FROM `comments`[0m
Completed in 86ms (View: 55, DB: 4) | 200 OK [http://localhost/comments]
  [4;35;1mSQL (1.0ms)[0m   [0mSET NAMES 'utf8'[0m
  [4;36;1mSQL (0.2ms)[0m   [0;1mSET SQL_AUTO_IS_NULL=0[0m


Processing CommentsController#create (for 127.0.0.1 at 2010-08-12 23:00:27) [POST]
  Parameters: {"authenticity_token"=>"WByII7E8dpX1ZiEvbZlKjlJJppGDDJiWKzfyjf7Zomg="}
  [4;35;1mComment Columns (2.6ms)[0m   [0mSHOW FIELDS FROM `comments`[0m
  [4;36;1mSQL (0.3ms)[0m   [0;1mBEGIN[0m
  [4;35;1mComment Create (1.0ms)[0m   [0mINSERT INTO `comments` (`created_at`, `body`, `nickname`, `updated_at`, `post_id`) VALUES('2010-08-13 06:00:27', NULL, NULL, '2010-08-13 06:00:27', NULL)[0m
  [4;36;1mSQL (4.8ms)[0m   [0;1mCOMMIT[0m
Redirected to http://localhost:3000/comments
Completed in 42ms (DB: 10) | 302 Found [http://localhost/comments]
  [4;35;1mSQL (0.2ms)[0m   [0mSET NAMES 'utf8'[0m
  [4;36;1mSQL (0.2ms)[0m   [0;1mSET SQL_AUTO_IS_NULL=0[0m


Processing CommentsController#index (for 127.0.0.1 at 2010-08-12 23:00:27) [GET]
  [4;35;1mComment Load (0.8ms)[0m   [0mSELECT * FROM `comments` [0m
Rendering comments/index
  [4;36;1mComment Columns (2.0ms)[0m   [0;1mSHOW FIELDS FROM `comments`[0m
Completed in 62ms (View: 41, DB: 3) | 200 OK [http://localhost/comments]
  [4;35;1mSQL (0.5ms)[0m   [0mSET NAMES 'utf8'[0m
  [4;36;1mSQL (0.2ms)[0m   [0;1mSET SQL_AUTO_IS_NULL=0[0m


Processing CommentsController#index (for 127.0.0.1 at 2010-08-12 23:01:17) [GET]
  [4;35;1mComment Load (0.5ms)[0m   [0mSELECT * FROM `comments` [0m
Rendering comments/index
  [4;36;1mComment Columns (2.3ms)[0m   [0;1mSHOW FIELDS FROM `comments`[0m
Completed in 304ms (View: 272, DB: 4) | 200 OK [http://localhost/comments]
  [4;35;1mSQL (0.2ms)[0m   [0mSET NAMES 'utf8'[0m
  [4;36;1mSQL (9.8ms)[0m   [0;1mSET SQL_AUTO_IS_NULL=0[0m


Processing CommentsController#index (for 127.0.0.1 at 2010-08-12 23:01:18) [GET]
  [4;35;1mComment Load (0.6ms)[0m   [0mSELECT * FROM `comments` [0m
Rendering comments/index
  [4;36;1mComment Columns (2.5ms)[0m   [0;1mSHOW FIELDS FROM `comments`[0m
Completed in 63ms (View: 36, DB: 13) | 200 OK [http://localhost/comments]
  [4;35;1mSQL (0.2ms)[0m   [0mSET NAMES 'utf8'[0m
  [4;36;1mSQL (0.2ms)[0m   [0;1mSET SQL_AUTO_IS_NULL=0[0m


Processing CommentsController#new (for 127.0.0.1 at 2010-08-12 23:01:20) [GET]
  [4;35;1mComment Columns (2.0ms)[0m   [0mSHOW FIELDS FROM `comments`[0m
Rendering comments/new
Completed in 44ms (View: 17, DB: 2) | 200 OK [http://localhost/comments/new]
  [4;36;1mSQL (0.5ms)[0m   [0;1mSET NAMES 'utf8'[0m
  [4;35;1mSQL (0.2ms)[0m   [0mSET SQL_AUTO_IS_NULL=0[0m


Processing CommentsController#create (for 127.0.0.1 at 2010-08-12 23:01:31) [POST]
  Parameters: {"comment"=>{"body"=>"Hi mens!", "nickname"=>"Vasya"}, "commit"=>"Create", "method"=>"post", "authenticity_token"=>"WByII7E8dpX1ZiEvbZlKjlJJppGDDJiWKzfyjf7Zomg="}
  [4;36;1mComment Columns (2.6ms)[0m   [0;1mSHOW FIELDS FROM `comments`[0m
  [4;35;1mSQL (0.8ms)[0m   [0mBEGIN[0m
  [4;36;1mComment Create (1.0ms)[0m   [0;1mINSERT INTO `comments` (`created_at`, `body`, `nickname`, `updated_at`, `post_id`) VALUES('2010-08-13 06:01:31', 'Hi mens!', 'Vasya', '2010-08-13 06:01:31', NULL)[0m
  [4;35;1mSQL (4.2ms)[0m   [0mCOMMIT[0m
Redirected to http://localhost:3000/comments
Completed in 61ms (DB: 9) | 302 Found [http://localhost/comments?method=post]
  [4;36;1mSQL (0.2ms)[0m   [0;1mSET NAMES 'utf8'[0m
  [4;35;1mSQL (0.2ms)[0m   [0mSET SQL_AUTO_IS_NULL=0[0m


Processing CommentsController#index (for 127.0.0.1 at 2010-08-12 23:01:31) [GET]
  [4;36;1mComment Load (0.8ms)[0m   [0;1mSELECT * FROM `comments` [0m
Rendering comments/index
  [4;35;1mComment Columns (2.0ms)[0m   [0mSHOW FIELDS FROM `comments`[0m
Completed in 70ms (View: 41, DB: 3) | 200 OK [http://localhost/comments]
  [4;36;1mSQL (0.4ms)[0m   [0;1mSET NAMES 'utf8'[0m
  [4;35;1mSQL (0.3ms)[0m   [0mSET SQL_AUTO_IS_NULL=0[0m


Processing CommentsController#edit (for 127.0.0.1 at 2010-08-12 23:03:42) [GET]
  Parameters: {"id"=>"1"}
  [4;36;1mComment Columns (3.9ms)[0m   [0;1mSHOW FIELDS FROM `comments`[0m
  [4;35;1mComment Load (1.3ms)[0m   [0mSELECT * FROM `comments` WHERE (`comments`.`id` = 1) [0m
Rendering comments/edit
Completed in 54ms (View: 25, DB: 6) | 200 OK [http://localhost/comments/1/edit]
  [4;36;1mSQL (0.4ms)[0m   [0;1mSET NAMES 'utf8'[0m
  [4;35;1mSQL (0.4ms)[0m   [0mSET SQL_AUTO_IS_NULL=0[0m


Processing CommentsController#update (for 127.0.0.1 at 2010-08-12 23:04:03) [PUT]
  Parameters: {"comment"=>{"body"=>"Hello guy GRISHA!!!!!!", "nickname"=>"Grisha777"}, "commit"=>"Update", "authenticity_token"=>"WByII7E8dpX1ZiEvbZlKjlJJppGDDJiWKzfyjf7Zomg=", "id"=>"1"}
  [4;36;1mComment Columns (2.3ms)[0m   [0;1mSHOW FIELDS FROM `comments`[0m
  [4;35;1mComment Load (0.5ms)[0m   [0mSELECT * FROM `comments` WHERE (`comments`.`id` = 1) [0m
  [4;36;1mSQL (0.3ms)[0m   [0;1mBEGIN[0m
  [4;35;1mComment Update (82.7ms)[0m   [0mUPDATE `comments` SET `updated_at` = '2010-08-13 06:04:03', `nickname` = 'Grisha777', `body` = 'Hello guy GRISHA!!!!!!' WHERE `id` = 1[0m
  [4;36;1mSQL (3.8ms)[0m   [0;1mCOMMIT[0m
Rendering comments/show
Completed in 126ms (View: 4, DB: 90) | 200 OK [http://localhost/comments/1]
  [4;35;1mSQL (0.4ms)[0m   [0mSET NAMES 'utf8'[0m
  [4;36;1mSQL (0.2ms)[0m   [0;1mSET SQL_AUTO_IS_NULL=0[0m


Processing CommentsController#edit (for 127.0.0.1 at 2010-08-12 23:04:09) [GET]
  Parameters: {"id"=>"1"}
  [4;35;1mComment Columns (2.1ms)[0m   [0mSHOW FIELDS FROM `comments`[0m
  [4;36;1mComment Load (0.7ms)[0m   [0;1mSELECT * FROM `comments` WHERE (`comments`.`id` = 1) [0m
Rendering comments/edit
Completed in 39ms (View: 16, DB: 3) | 200 OK [http://localhost/comments/1/edit]
  [4;35;1mSQL (0.4ms)[0m   [0mSET NAMES 'utf8'[0m
  [4;36;1mSQL (0.2ms)[0m   [0;1mSET SQL_AUTO_IS_NULL=0[0m


Processing CommentsController#edit (for 127.0.0.1 at 2010-08-12 23:04:17) [GET]
  Parameters: {"id"=>"1"}
  [4;35;1mComment Columns (2.0ms)[0m   [0mSHOW FIELDS FROM `comments`[0m
  [4;36;1mComment Load (0.5ms)[0m   [0;1mSELECT * FROM `comments` WHERE (`comments`.`id` = 1) [0m
Rendering comments/edit
Completed in 73ms (View: 30, DB: 3) | 200 OK [http://localhost/comments/1/edit]
  [4;35;1mSQL (0.6ms)[0m   [0mSET NAMES 'utf8'[0m
  [4;36;1mSQL (0.2ms)[0m   [0;1mSET SQL_AUTO_IS_NULL=0[0m


Processing CommentsController#edit (for 127.0.0.1 at 2010-08-12 23:04:23) [GET]
  Parameters: {"id"=>"1"}
  [4;35;1mComment Columns (2.6ms)[0m   [0mSHOW FIELDS FROM `comments`[0m
  [4;36;1mComment Load (0.4ms)[0m   [0;1mSELECT * FROM `comments` WHERE (`comments`.`id` = 1) [0m
Rendering comments/edit
Completed in 40ms (View: 13, DB: 4) | 200 OK [http://localhost/comments/1/edit]
  [4;35;1mSQL (0.4ms)[0m   [0mSET NAMES 'utf8'[0m
  [4;36;1mSQL (0.2ms)[0m   [0;1mSET SQL_AUTO_IS_NULL=0[0m


Processing CommentsController#edit (for 127.0.0.1 at 2010-08-12 23:04:30) [GET]
  Parameters: {"id"=>"1"}
  [4;35;1mComment Columns (2.6ms)[0m   [0mSHOW FIELDS FROM `comments`[0m
  [4;36;1mComment Load (0.4ms)[0m   [0;1mSELECT * FROM `comments` WHERE (`comments`.`id` = 1) [0m
Rendering comments/edit

ActionView::TemplateError (undefined method `commen_path' for #<ActionView::Base:0xb6693d70>) on line #5 of app/views/comments/edit.html.erb:
2: 
3: <h1>Edit comment</h1>
4: 
5: <p><% form_tag commen_path(@comment), :method => "put" do %></p>
6: 
7: <p>&lt;</p>
8: 

    app/views/comments/edit.html.erb:5
    /usr/lib/ruby/1.8/webrick/httpserver.rb:104:in `service'
    /usr/lib/ruby/1.8/webrick/httpserver.rb:65:in `run'
    /usr/lib/ruby/1.8/webrick/server.rb:173:in `start_thread'
    /usr/lib/ruby/1.8/webrick/server.rb:162:in `start'
    /usr/lib/ruby/1.8/webrick/server.rb:162:in `start_thread'
    /usr/lib/ruby/1.8/webrick/server.rb:95:in `start'
    /usr/lib/ruby/1.8/webrick/server.rb:92:in `each'
    /usr/lib/ruby/1.8/webrick/server.rb:92:in `start'
    /usr/lib/ruby/1.8/webrick/server.rb:23:in `start'
    /usr/lib/ruby/1.8/webrick/server.rb:82:in `start'

Rendered rescues/_trace (125.1ms)
Rendered rescues/_request_and_response (0.8ms)
Rendering rescues/layout (internal_server_error)
  [4;35;1mSQL (0.3ms)[0m   [0mSET NAMES 'utf8'[0m
  [4;36;1mSQL (0.2ms)[0m   [0;1mSET SQL_AUTO_IS_NULL=0[0m


Processing CommentsController#edit (for 127.0.0.1 at 2010-08-12 23:04:39) [GET]
  Parameters: {"id"=>"1"}
  [4;35;1mComment Columns (2.3ms)[0m   [0mSHOW FIELDS FROM `comments`[0m
  [4;36;1mComment Load (0.3ms)[0m   [0;1mSELECT * FROM `comments` WHERE (`comments`.`id` = 1) [0m
Rendering comments/edit
Completed in 52ms (View: 25, DB: 3) | 200 OK [http://localhost/comments/1/edit]
  [4;35;1mSQL (0.3ms)[0m   [0mSET NAMES 'utf8'[0m
  [4;36;1mSQL (0.2ms)[0m   [0;1mSET SQL_AUTO_IS_NULL=0[0m


Processing CommentsController#edit (for 127.0.0.1 at 2010-08-12 23:04:59) [GET]
  Parameters: {"id"=>"1"}
  [4;35;1mComment Columns (2.5ms)[0m   [0mSHOW FIELDS FROM `comments`[0m
  [4;36;1mComment Load (0.7ms)[0m   [0;1mSELECT * FROM `comments` WHERE (`comments`.`id` = 1) [0m
Rendering comments/edit
Completed in 93ms (View: 49, DB: 4) | 200 OK [http://localhost/comments/1/edit]
  [4;35;1mSQL (0.4ms)[0m   [0mSET NAMES 'utf8'[0m
  [4;36;1mSQL (0.2ms)[0m   [0;1mSET SQL_AUTO_IS_NULL=0[0m


Processing CommentsController#index (for 127.0.0.1 at 2010-08-12 23:05:02) [GET]
  [4;35;1mComment Load (2.3ms)[0m   [0mSELECT * FROM `comments` [0m
Rendering comments/index
  [4;36;1mComment Columns (6.1ms)[0m   [0;1mSHOW FIELDS FROM `comments`[0m
Completed in 279ms (View: 255, DB: 9) | 200 OK [http://localhost/comments]
  [4;35;1mSQL (0.3ms)[0m   [0mSET NAMES 'utf8'[0m
  [4;36;1mSQL (0.2ms)[0m   [0;1mSET SQL_AUTO_IS_NULL=0[0m


Processing CommentsController#new (for 127.0.0.1 at 2010-08-12 23:06:15) [GET]
  [4;35;1mComment Columns (2.8ms)[0m   [0mSHOW FIELDS FROM `comments`[0m
Rendering comments/new

ActionView::TemplateError (comment_url failed to generate from {:action=>"show", :id=>#<Comment id: nil, nickname: nil, body: nil, post_id: nil, created_at: nil, updated_at: nil>, :controller=>"comments"}, expected: {:action=>"show", :controller=>"comments"}, diff: {:id=>#<Comment id: nil, nickname: nil, body: nil, post_id: nil, created_at: nil, updated_at: nil>}) on line #5 of app/views/comments/new.html.erb:
2: 
3: <h1>Add new comment</h1>
4: 
5: <p><% form_tag comment_path(@comment), :method => "post" do %></p>
6: 
7: <p>&lt;</p>
8: 

    (eval):17:in `comment_path'
    app/views/comments/new.html.erb:5
    /usr/lib/ruby/1.8/webrick/httpserver.rb:104:in `service'
    /usr/lib/ruby/1.8/webrick/httpserver.rb:65:in `run'
    /usr/lib/ruby/1.8/webrick/server.rb:173:in `start_thread'
    /usr/lib/ruby/1.8/webrick/server.rb:162:in `start'
    /usr/lib/ruby/1.8/webrick/server.rb:162:in `start_thread'
    /usr/lib/ruby/1.8/webrick/server.rb:95:in `start'
    /usr/lib/ruby/1.8/webrick/server.rb:92:in `each'
    /usr/lib/ruby/1.8/webrick/server.rb:92:in `start'
    /usr/lib/ruby/1.8/webrick/server.rb:23:in `start'
    /usr/lib/ruby/1.8/webrick/server.rb:82:in `start'

Rendered rescues/_trace (128.8ms)
Rendered rescues/_request_and_response (0.9ms)
Rendering rescues/layout (internal_server_error)
  [4;36;1mSQL (0.3ms)[0m   [0;1mSET NAMES 'utf8'[0m
  [4;35;1mSQL (0.2ms)[0m   [0mSET SQL_AUTO_IS_NULL=0[0m


Processing CommentsController#new (for 127.0.0.1 at 2010-08-12 23:06:46) [GET]
  [4;36;1mComment Columns (2.3ms)[0m   [0;1mSHOW FIELDS FROM `comments`[0m
Rendering comments/new

ActionView::TemplateError (comment_url failed to generate from {:action=>"show", :controller=>"comments"} - you may have ambiguous routes, or you may need to supply additional parameters for this route.  content_url has the following required parameters: ["comments", :id] - are they all satisfied?) on line #5 of app/views/comments/new.html.erb:
2: 
3: <h1>Add new comment</h1>
4: 
5: <p><% form_tag comment_path, :method => "post" do %></p>
6: 
7: <p>&lt;</p>
8: 

    (eval):17:in `comment_path'
    app/views/comments/new.html.erb:5
    /usr/lib/ruby/1.8/webrick/httpserver.rb:104:in `service'
    /usr/lib/ruby/1.8/webrick/httpserver.rb:65:in `run'
    /usr/lib/ruby/1.8/webrick/server.rb:173:in `start_thread'
    /usr/lib/ruby/1.8/webrick/server.rb:162:in `start'
    /usr/lib/ruby/1.8/webrick/server.rb:162:in `start_thread'
    /usr/lib/ruby/1.8/webrick/server.rb:95:in `start'
    /usr/lib/ruby/1.8/webrick/server.rb:92:in `each'
    /usr/lib/ruby/1.8/webrick/server.rb:92:in `start'
    /usr/lib/ruby/1.8/webrick/server.rb:23:in `start'
    /usr/lib/ruby/1.8/webrick/server.rb:82:in `start'

Rendered rescues/_trace (342.8ms)
Rendered rescues/_request_and_response (1.2ms)
Rendering rescues/layout (internal_server_error)
  [4;35;1mSQL (0.3ms)[0m   [0mSET NAMES 'utf8'[0m
  [4;36;1mSQL (0.2ms)[0m   [0;1mSET SQL_AUTO_IS_NULL=0[0m


Processing CommentsController#new (for 127.0.0.1 at 2010-08-12 23:06:48) [GET]
  [4;35;1mComment Columns (1.9ms)[0m   [0mSHOW FIELDS FROM `comments`[0m
Rendering comments/new

ActionView::TemplateError (comment_url failed to generate from {:action=>"show", :controller=>"comments"} - you may have ambiguous routes, or you may need to supply additional parameters for this route.  content_url has the following required parameters: ["comments", :id] - are they all satisfied?) on line #5 of app/views/comments/new.html.erb:
2: 
3: <h1>Add new comment</h1>
4: 
5: <p><% form_tag comment_path, :method => "post" do %></p>
6: 
7: <p>&lt;</p>
8: 

    (eval):17:in `comment_path'
    app/views/comments/new.html.erb:5
    /usr/lib/ruby/1.8/webrick/httpserver.rb:104:in `service'
    /usr/lib/ruby/1.8/webrick/httpserver.rb:65:in `run'
    /usr/lib/ruby/1.8/webrick/server.rb:173:in `start_thread'
    /usr/lib/ruby/1.8/webrick/server.rb:162:in `start'
    /usr/lib/ruby/1.8/webrick/server.rb:162:in `start_thread'
    /usr/lib/ruby/1.8/webrick/server.rb:95:in `start'
    /usr/lib/ruby/1.8/webrick/server.rb:92:in `each'
    /usr/lib/ruby/1.8/webrick/server.rb:92:in `start'
    /usr/lib/ruby/1.8/webrick/server.rb:23:in `start'
    /usr/lib/ruby/1.8/webrick/server.rb:82:in `start'

Rendered rescues/_trace (132.8ms)
Rendered rescues/_request_and_response (0.8ms)
Rendering rescues/layout (internal_server_error)
  [4;36;1mSQL (0.4ms)[0m   [0;1mSET NAMES 'utf8'[0m
  [4;35;1mSQL (0.2ms)[0m   [0mSET SQL_AUTO_IS_NULL=0[0m


Processing CommentsController#new (for 127.0.0.1 at 2010-08-12 23:07:07) [GET]
  [4;36;1mComment Columns (2.1ms)[0m   [0;1mSHOW FIELDS FROM `comments`[0m
Rendering comments/new
Completed in 55ms (View: 31, DB: 3) | 200 OK [http://localhost/comments/new]
  [4;35;1mSQL (0.4ms)[0m   [0mSET NAMES 'utf8'[0m
  [4;36;1mSQL (0.2ms)[0m   [0;1mSET SQL_AUTO_IS_NULL=0[0m


Processing CommentsController#create (for 127.0.0.1 at 2010-08-12 23:07:20) [POST]
  Parameters: {"comment"=>{"body"=>"Hello WORLD!", "nickname"=>"Russl"}, "commit"=>"Create", "authenticity_token"=>"WByII7E8dpX1ZiEvbZlKjlJJppGDDJiWKzfyjf7Zomg="}
  [4;35;1mComment Columns (2.3ms)[0m   [0mSHOW FIELDS FROM `comments`[0m
  [4;36;1mSQL (0.3ms)[0m   [0;1mBEGIN[0m
  [4;35;1mComment Create (1.1ms)[0m   [0mINSERT INTO `comments` (`created_at`, `body`, `nickname`, `updated_at`, `post_id`) VALUES('2010-08-13 06:07:20', 'Hello WORLD!', 'Russl', '2010-08-13 06:07:20', NULL)[0m
  [4;36;1mSQL (9.4ms)[0m   [0;1mCOMMIT[0m
Redirected to http://localhost:3000/comments
Completed in 61ms (DB: 14) | 302 Found [http://localhost/comments]
  [4;35;1mSQL (0.2ms)[0m   [0mSET NAMES 'utf8'[0m
  [4;36;1mSQL (3.3ms)[0m   [0;1mSET SQL_AUTO_IS_NULL=0[0m


Processing CommentsController#index (for 127.0.0.1 at 2010-08-12 23:07:20) [GET]
  [4;35;1mComment Load (0.9ms)[0m   [0mSELECT * FROM `comments` [0m
Rendering comments/index
  [4;36;1mComment Columns (2.7ms)[0m   [0;1mSHOW FIELDS FROM `comments`[0m
Completed in 81ms (View: 57, DB: 7) | 200 OK [http://localhost/comments]
  [4;35;1mSQL (1.1ms)[0m   [0mSET NAMES 'utf8'[0m
  [4;36;1mSQL (0.2ms)[0m   [0;1mSET SQL_AUTO_IS_NULL=0[0m


Processing CommentsController#destroy (for 127.0.0.1 at 2010-08-12 23:07:29) [DELETE]
  Parameters: {"authenticity_token"=>"WByII7E8dpX1ZiEvbZlKjlJJppGDDJiWKzfyjf7Zomg=", "id"=>"4"}

NameError (uninitialized constant CommentsController::Comments):
  app/controllers/comments_controller.rb:37:in `destroy'
  /usr/lib/ruby/1.8/webrick/httpserver.rb:104:in `service'
  /usr/lib/ruby/1.8/webrick/httpserver.rb:65:in `run'
  /usr/lib/ruby/1.8/webrick/server.rb:173:in `start_thread'
  /usr/lib/ruby/1.8/webrick/server.rb:162:in `start'
  /usr/lib/ruby/1.8/webrick/server.rb:162:in `start_thread'
  /usr/lib/ruby/1.8/webrick/server.rb:95:in `start'
  /usr/lib/ruby/1.8/webrick/server.rb:92:in `each'
  /usr/lib/ruby/1.8/webrick/server.rb:92:in `start'
  /usr/lib/ruby/1.8/webrick/server.rb:23:in `start'
  /usr/lib/ruby/1.8/webrick/server.rb:82:in `start'

Rendered rescues/_trace (313.6ms)
Rendered rescues/_request_and_response (4.8ms)
Rendering rescues/layout (internal_server_error)
  [4;35;1mSQL (0.4ms)[0m   [0mSET NAMES 'utf8'[0m
  [4;36;1mSQL (0.3ms)[0m   [0;1mSET SQL_AUTO_IS_NULL=0[0m


Processing CommentsController#index (for 127.0.0.1 at 2010-08-12 23:08:24) [GET]
  [4;35;1mComment Load (0.6ms)[0m   [0mSELECT * FROM `comments` [0m
Rendering comments/index
  [4;36;1mComment Columns (2.2ms)[0m   [0;1mSHOW FIELDS FROM `comments`[0m
Completed in 110ms (View: 69, DB: 3) | 200 OK [http://localhost/comments]
  [4;35;1mSQL (0.4ms)[0m   [0mSET NAMES 'utf8'[0m
  [4;36;1mSQL (0.2ms)[0m   [0;1mSET SQL_AUTO_IS_NULL=0[0m


Processing ApplicationController#index (for 127.0.0.1 at 2010-08-12 23:08:28) [DELETE]
  Parameters: {"authenticity_token"=>"WByII7E8dpX1ZiEvbZlKjlJJppGDDJiWKzfyjf7Zomg="}

ActionController::MethodNotAllowed (Only get and post requests are allowed.):
  /usr/lib/ruby/1.8/webrick/httpserver.rb:104:in `service'
  /usr/lib/ruby/1.8/webrick/httpserver.rb:65:in `run'
  /usr/lib/ruby/1.8/webrick/server.rb:173:in `start_thread'
  /usr/lib/ruby/1.8/webrick/server.rb:162:in `start'
  /usr/lib/ruby/1.8/webrick/server.rb:162:in `start_thread'
  /usr/lib/ruby/1.8/webrick/server.rb:95:in `start'
  /usr/lib/ruby/1.8/webrick/server.rb:92:in `each'
  /usr/lib/ruby/1.8/webrick/server.rb:92:in `start'
  /usr/lib/ruby/1.8/webrick/server.rb:23:in `start'
  /usr/lib/ruby/1.8/webrick/server.rb:82:in `start'

Rendered rescues/_trace (264.7ms)
Rendered rescues/_request_and_response (22.7ms)
Rendering rescues/layout (method_not_allowed)
  [4;35;1mSQL (0.3ms)[0m   [0mSET NAMES 'utf8'[0m
  [4;36;1mSQL (0.2ms)[0m   [0;1mSET SQL_AUTO_IS_NULL=0[0m


Processing CommentsController#index (for 127.0.0.1 at 2010-08-12 23:08:56) [GET]
  [4;35;1mComment Load (0.4ms)[0m   [0mSELECT * FROM `comments` [0m
Rendering comments/index
  [4;36;1mComment Columns (2.1ms)[0m   [0;1mSHOW FIELDS FROM `comments`[0m
Completed in 104ms (View: 72, DB: 3) | 200 OK [http://localhost/comments]
  [4;35;1mSQL (0.4ms)[0m   [0mSET NAMES 'utf8'[0m
  [4;36;1mSQL (0.2ms)[0m   [0;1mSET SQL_AUTO_IS_NULL=0[0m


Processing ApplicationController#index (for 127.0.0.1 at 2010-08-12 23:08:59) [DELETE]
  Parameters: {"authenticity_token"=>"WByII7E8dpX1ZiEvbZlKjlJJppGDDJiWKzfyjf7Zomg="}

ActionController::MethodNotAllowed (Only get and post requests are allowed.):
  /usr/lib/ruby/1.8/webrick/httpserver.rb:104:in `service'
  /usr/lib/ruby/1.8/webrick/httpserver.rb:65:in `run'
  /usr/lib/ruby/1.8/webrick/server.rb:173:in `start_thread'
  /usr/lib/ruby/1.8/webrick/server.rb:162:in `start'
  /usr/lib/ruby/1.8/webrick/server.rb:162:in `start_thread'
  /usr/lib/ruby/1.8/webrick/server.rb:95:in `start'
  /usr/lib/ruby/1.8/webrick/server.rb:92:in `each'
  /usr/lib/ruby/1.8/webrick/server.rb:92:in `start'
  /usr/lib/ruby/1.8/webrick/server.rb:23:in `start'
  /usr/lib/ruby/1.8/webrick/server.rb:82:in `start'

Rendered rescues/_trace (577.3ms)
Rendered rescues/_request_and_response (1.2ms)
Rendering rescues/layout (method_not_allowed)
  [4;35;1mSQL (0.3ms)[0m   [0mSET NAMES 'utf8'[0m
  [4;36;1mSQL (0.4ms)[0m   [0;1mSET SQL_AUTO_IS_NULL=0[0m


Processing ApplicationController#index (for 127.0.0.1 at 2010-08-12 23:09:05) [DELETE]
  Parameters: {"authenticity_token"=>"WByII7E8dpX1ZiEvbZlKjlJJppGDDJiWKzfyjf7Zomg="}

ActionController::MethodNotAllowed (Only get and post requests are allowed.):
  /usr/lib/ruby/1.8/webrick/httpserver.rb:104:in `service'
  /usr/lib/ruby/1.8/webrick/httpserver.rb:65:in `run'
  /usr/lib/ruby/1.8/webrick/server.rb:173:in `start_thread'
  /usr/lib/ruby/1.8/webrick/server.rb:162:in `start'
  /usr/lib/ruby/1.8/webrick/server.rb:162:in `start_thread'
  /usr/lib/ruby/1.8/webrick/server.rb:95:in `start'
  /usr/lib/ruby/1.8/webrick/server.rb:92:in `each'
  /usr/lib/ruby/1.8/webrick/server.rb:92:in `start'
  /usr/lib/ruby/1.8/webrick/server.rb:23:in `start'
  /usr/lib/ruby/1.8/webrick/server.rb:82:in `start'

Rendered rescues/_trace (220.1ms)
Rendered rescues/_request_and_response (7.9ms)
Rendering rescues/layout (method_not_allowed)
  [4;35;1mSQL (0.6ms)[0m   [0mSET NAMES 'utf8'[0m
  [4;36;1mSQL (0.2ms)[0m   [0;1mSET SQL_AUTO_IS_NULL=0[0m


Processing CommentsController#index (for 127.0.0.1 at 2010-08-12 23:09:24) [GET]
  [4;35;1mComment Load (0.4ms)[0m   [0mSELECT * FROM `comments` [0m
Rendering comments/index
  [4;36;1mComment Columns (2.1ms)[0m   [0;1mSHOW FIELDS FROM `comments`[0m

ActionView::TemplateError (undefined local variable or method `delete' for #<ActionView::Base:0xb66102cc>) on line #9 of app/views/comments/index.html.erb:
6:   <p>text<%= comment.body %></p>
7:   <%= link_to "Show", comment_path(comment) %>
8:   <%= link_to "Edit", edit_comment_path(comment) %>
9:   <%= link_to "Delete", comments_path(comment), :method => delete, :confirm => "Are you sure?" %>
10: <% end %>
11: <hr/>
12:   <%= link_to "Create a new comment!", new_comment_path %>

    app/views/comments/index.html.erb:9
    app/views/comments/index.html.erb:4:in `each'
    app/views/comments/index.html.erb:4
    /usr/lib/ruby/1.8/webrick/httpserver.rb:104:in `service'
    /usr/lib/ruby/1.8/webrick/httpserver.rb:65:in `run'
    /usr/lib/ruby/1.8/webrick/server.rb:173:in `start_thread'
    /usr/lib/ruby/1.8/webrick/server.rb:162:in `start'
    /usr/lib/ruby/1.8/webrick/server.rb:162:in `start_thread'
    /usr/lib/ruby/1.8/webrick/server.rb:95:in `start'
    /usr/lib/ruby/1.8/webrick/server.rb:92:in `each'
    /usr/lib/ruby/1.8/webrick/server.rb:92:in `start'
    /usr/lib/ruby/1.8/webrick/server.rb:23:in `start'
    /usr/lib/ruby/1.8/webrick/server.rb:82:in `start'

Rendered rescues/_trace (155.7ms)
Rendered rescues/_request_and_response (0.8ms)
Rendering rescues/layout (internal_server_error)
  [4;35;1mSQL (0.3ms)[0m   [0mSET NAMES 'utf8'[0m
  [4;36;1mSQL (0.2ms)[0m   [0;1mSET SQL_AUTO_IS_NULL=0[0m


Processing CommentsController#index (for 127.0.0.1 at 2010-08-12 23:09:25) [GET]
  [4;35;1mComment Load (0.4ms)[0m   [0mSELECT * FROM `comments` [0m
Rendering comments/index
  [4;36;1mComment Columns (1.9ms)[0m   [0;1mSHOW FIELDS FROM `comments`[0m

ActionView::TemplateError (undefined local variable or method `delete' for #<ActionView::Base:0xb64de19c>) on line #9 of app/views/comments/index.html.erb:
6:   <p>text<%= comment.body %></p>
7:   <%= link_to "Show", comment_path(comment) %>
8:   <%= link_to "Edit", edit_comment_path(comment) %>
9:   <%= link_to "Delete", comments_path(comment), :method => delete, :confirm => "Are you sure?" %>
10: <% end %>
11: <hr/>
12:   <%= link_to "Create a new comment!", new_comment_path %>

    app/views/comments/index.html.erb:9
    app/views/comments/index.html.erb:4:in `each'
    app/views/comments/index.html.erb:4
    /usr/lib/ruby/1.8/webrick/httpserver.rb:104:in `service'
    /usr/lib/ruby/1.8/webrick/httpserver.rb:65:in `run'
    /usr/lib/ruby/1.8/webrick/server.rb:173:in `start_thread'
    /usr/lib/ruby/1.8/webrick/server.rb:162:in `start'
    /usr/lib/ruby/1.8/webrick/server.rb:162:in `start_thread'
    /usr/lib/ruby/1.8/webrick/server.rb:95:in `start'
    /usr/lib/ruby/1.8/webrick/server.rb:92:in `each'
    /usr/lib/ruby/1.8/webrick/server.rb:92:in `start'
    /usr/lib/ruby/1.8/webrick/server.rb:23:in `start'
    /usr/lib/ruby/1.8/webrick/server.rb:82:in `start'

Rendered rescues/_trace (119.2ms)
Rendered rescues/_request_and_response (0.7ms)
Rendering rescues/layout (internal_server_error)
  [4;35;1mSQL (0.4ms)[0m   [0mSET NAMES 'utf8'[0m
  [4;36;1mSQL (0.2ms)[0m   [0;1mSET SQL_AUTO_IS_NULL=0[0m


Processing CommentsController#index (for 127.0.0.1 at 2010-08-12 23:09:39) [GET]
  [4;35;1mComment Load (0.4ms)[0m   [0mSELECT * FROM `comments` [0m
Rendering comments/index
  [4;36;1mComment Columns (2.0ms)[0m   [0;1mSHOW FIELDS FROM `comments`[0m
Completed in 91ms (View: 71, DB: 3) | 200 OK [http://localhost/comments]
  [4;35;1mSQL (0.3ms)[0m   [0mSET NAMES 'utf8'[0m
  [4;36;1mSQL (0.2ms)[0m   [0;1mSET SQL_AUTO_IS_NULL=0[0m


Processing ApplicationController#index (for 127.0.0.1 at 2010-08-12 23:09:41) [DELETE]
  Parameters: {"authenticity_token"=>"WByII7E8dpX1ZiEvbZlKjlJJppGDDJiWKzfyjf7Zomg="}

ActionController::MethodNotAllowed (Only get and post requests are allowed.):
  /usr/lib/ruby/1.8/webrick/httpserver.rb:104:in `service'
  /usr/lib/ruby/1.8/webrick/httpserver.rb:65:in `run'
  /usr/lib/ruby/1.8/webrick/server.rb:173:in `start_thread'
  /usr/lib/ruby/1.8/webrick/server.rb:162:in `start'
  /usr/lib/ruby/1.8/webrick/server.rb:162:in `start_thread'
  /usr/lib/ruby/1.8/webrick/server.rb:95:in `start'
  /usr/lib/ruby/1.8/webrick/server.rb:92:in `each'
  /usr/lib/ruby/1.8/webrick/server.rb:92:in `start'
  /usr/lib/ruby/1.8/webrick/server.rb:23:in `start'
  /usr/lib/ruby/1.8/webrick/server.rb:82:in `start'

Rendered rescues/_trace (222.7ms)
Rendered rescues/_request_and_response (1.3ms)
Rendering rescues/layout (method_not_allowed)
  [4;35;1mSQL (0.4ms)[0m   [0mSET NAMES 'utf8'[0m
  [4;36;1mSQL (0.2ms)[0m   [0;1mSET SQL_AUTO_IS_NULL=0[0m


Processing CommentsController#index (for 127.0.0.1 at 2010-08-12 23:10:44) [GET]
  [4;35;1mComment Load (0.4ms)[0m   [0mSELECT * FROM `comments` [0m
Rendering comments/index
  [4;36;1mComment Columns (9.6ms)[0m   [0;1mSHOW FIELDS FROM `comments`[0m
Completed in 356ms (View: 328, DB: 11) | 200 OK [http://localhost/comments]
  [4;35;1mSQL (0.2ms)[0m   [0mSET NAMES 'utf8'[0m
  [4;36;1mSQL (0.4ms)[0m   [0;1mSET SQL_AUTO_IS_NULL=0[0m


Processing CommentsController#index (for 127.0.0.1 at 2010-08-12 23:10:45) [GET]
  [4;35;1mComment Load (0.5ms)[0m   [0mSELECT * FROM `comments` [0m
Rendering comments/index
  [4;36;1mComment Columns (2.2ms)[0m   [0;1mSHOW FIELDS FROM `comments`[0m
Completed in 389ms (View: 69, DB: 3) | 200 OK [http://localhost/comments]
  [4;35;1mSQL (0.3ms)[0m   [0mSET NAMES 'utf8'[0m
  [4;36;1mSQL (0.5ms)[0m   [0;1mSET SQL_AUTO_IS_NULL=0[0m


Processing CommentsController#destroy (for 127.0.0.1 at 2010-08-12 23:10:48) [DELETE]
  Parameters: {"authenticity_token"=>"WByII7E8dpX1ZiEvbZlKjlJJppGDDJiWKzfyjf7Zomg=", "id"=>"1"}

NameError (uninitialized constant CommentsController::Comments):
  app/controllers/comments_controller.rb:37:in `destroy'
  /usr/lib/ruby/1.8/webrick/httpserver.rb:104:in `service'
  /usr/lib/ruby/1.8/webrick/httpserver.rb:65:in `run'
  /usr/lib/ruby/1.8/webrick/server.rb:173:in `start_thread'
  /usr/lib/ruby/1.8/webrick/server.rb:162:in `start'
  /usr/lib/ruby/1.8/webrick/server.rb:162:in `start_thread'
  /usr/lib/ruby/1.8/webrick/server.rb:95:in `start'
  /usr/lib/ruby/1.8/webrick/server.rb:92:in `each'
  /usr/lib/ruby/1.8/webrick/server.rb:92:in `start'
  /usr/lib/ruby/1.8/webrick/server.rb:23:in `start'
  /usr/lib/ruby/1.8/webrick/server.rb:82:in `start'

Rendered rescues/_trace (259.6ms)
Rendered rescues/_request_and_response (1.2ms)
Rendering rescues/layout (internal_server_error)
  [4;35;1mSQL (0.4ms)[0m   [0mSET NAMES 'utf8'[0m
  [4;36;1mSQL (0.4ms)[0m   [0;1mSET SQL_AUTO_IS_NULL=0[0m


Processing CommentsController#index (for 127.0.0.1 at 2010-08-12 23:11:35) [GET]
  [4;35;1mComment Load (0.7ms)[0m   [0mSELECT * FROM `comments` [0m
Rendering comments/index
  [4;36;1mComment Columns (2.0ms)[0m   [0;1mSHOW FIELDS FROM `comments`[0m
Completed in 91ms (View: 72, DB: 4) | 200 OK [http://localhost/comments]
  [4;35;1mSQL (0.3ms)[0m   [0mSET NAMES 'utf8'[0m
  [4;36;1mSQL (0.2ms)[0m   [0;1mSET SQL_AUTO_IS_NULL=0[0m


Processing CommentsController#destroy (for 127.0.0.1 at 2010-08-12 23:11:40) [DELETE]
  Parameters: {"authenticity_token"=>"WByII7E8dpX1ZiEvbZlKjlJJppGDDJiWKzfyjf7Zomg=", "id"=>"4"}

NameError (uninitialized constant CommentsController::Comments):
  app/controllers/comments_controller.rb:37:in `destroy'
  /usr/lib/ruby/1.8/webrick/httpserver.rb:104:in `service'
  /usr/lib/ruby/1.8/webrick/httpserver.rb:65:in `run'
  /usr/lib/ruby/1.8/webrick/server.rb:173:in `start_thread'
  /usr/lib/ruby/1.8/webrick/server.rb:162:in `start'
  /usr/lib/ruby/1.8/webrick/server.rb:162:in `start_thread'
  /usr/lib/ruby/1.8/webrick/server.rb:95:in `start'
  /usr/lib/ruby/1.8/webrick/server.rb:92:in `each'
  /usr/lib/ruby/1.8/webrick/server.rb:92:in `start'
  /usr/lib/ruby/1.8/webrick/server.rb:23:in `start'
  /usr/lib/ruby/1.8/webrick/server.rb:82:in `start'

Rendered rescues/_trace (324.6ms)
Rendered rescues/_request_and_response (1.1ms)
Rendering rescues/layout (internal_server_error)
  [4;35;1mSQL (0.3ms)[0m   [0mSET NAMES 'utf8'[0m
  [4;36;1mSQL (0.2ms)[0m   [0;1mSET SQL_AUTO_IS_NULL=0[0m


Processing CommentsController#destroy (for 127.0.0.1 at 2010-08-12 23:12:14) [DELETE]
  Parameters: {"authenticity_token"=>"WByII7E8dpX1ZiEvbZlKjlJJppGDDJiWKzfyjf7Zomg=", "id"=>"4"}

NameError (uninitialized constant CommentsController::Comments):
  app/controllers/comments_controller.rb:37:in `destroy'
  /usr/lib/ruby/1.8/webrick/httpserver.rb:104:in `service'
  /usr/lib/ruby/1.8/webrick/httpserver.rb:65:in `run'
  /usr/lib/ruby/1.8/webrick/server.rb:173:in `start_thread'
  /usr/lib/ruby/1.8/webrick/server.rb:162:in `start'
  /usr/lib/ruby/1.8/webrick/server.rb:162:in `start_thread'
  /usr/lib/ruby/1.8/webrick/server.rb:95:in `start'
  /usr/lib/ruby/1.8/webrick/server.rb:92:in `each'
  /usr/lib/ruby/1.8/webrick/server.rb:92:in `start'
  /usr/lib/ruby/1.8/webrick/server.rb:23:in `start'
  /usr/lib/ruby/1.8/webrick/server.rb:82:in `start'

Rendered rescues/_trace (715.4ms)
Rendered rescues/_request_and_response (11.0ms)
Rendering rescues/layout (internal_server_error)
  [4;35;1mSQL (0.3ms)[0m   [0mSET NAMES 'utf8'[0m
  [4;36;1mSQL (0.6ms)[0m   [0;1mSET SQL_AUTO_IS_NULL=0[0m


Processing CommentsController#destroy (for 127.0.0.1 at 2010-08-12 23:13:34) [DELETE]
  Parameters: {"authenticity_token"=>"WByII7E8dpX1ZiEvbZlKjlJJppGDDJiWKzfyjf7Zomg=", "id"=>"4"}
  [4;35;1mComment Columns (12.9ms)[0m   [0mSHOW FIELDS FROM `comments`[0m
  [4;36;1mComment Load (4.2ms)[0m   [0;1mSELECT * FROM `comments` WHERE (`comments`.`id` = 4) [0m
  [4;35;1mSQL (0.2ms)[0m   [0mBEGIN[0m
  [4;36;1mComment Destroy (7.4ms)[0m   [0;1mDELETE FROM `comments` WHERE `id` = 4[0m
  [4;35;1mSQL (126.1ms)[0m   [0mCOMMIT[0m
Redirected to http://localhost:3000/comments
Completed in 254ms (DB: 152) | 302 Found [http://localhost/comments/4]
  [4;36;1mSQL (0.2ms)[0m   [0;1mSET NAMES 'utf8'[0m
  [4;35;1mSQL (0.3ms)[0m   [0mSET SQL_AUTO_IS_NULL=0[0m


Processing CommentsController#index (for 127.0.0.1 at 2010-08-12 23:13:34) [GET]
  [4;36;1mComment Load (3.2ms)[0m   [0;1mSELECT * FROM `comments` [0m
Rendering comments/index
  [4;35;1mComment Columns (9.2ms)[0m   [0mSHOW FIELDS FROM `comments`[0m
Completed in 155ms (View: 85, DB: 13) | 200 OK [http://localhost/comments]
  [4;36;1mSQL (1.6ms)[0m   [0;1mSET NAMES 'utf8'[0m
  [4;35;1mSQL (0.3ms)[0m   [0mSET SQL_AUTO_IS_NULL=0[0m


Processing CommentsController#destroy (for 127.0.0.1 at 2010-08-12 23:13:37) [DELETE]
  Parameters: {"authenticity_token"=>"WByII7E8dpX1ZiEvbZlKjlJJppGDDJiWKzfyjf7Zomg=", "id"=>"1"}
  [4;36;1mComment Columns (3.4ms)[0m   [0;1mSHOW FIELDS FROM `comments`[0m
  [4;35;1mComment Load (21.9ms)[0m   [0mSELECT * FROM `comments` WHERE (`comments`.`id` = 1) [0m
  [4;36;1mSQL (0.3ms)[0m   [0;1mBEGIN[0m
  [4;35;1mComment Destroy (0.9ms)[0m   [0mDELETE FROM `comments` WHERE `id` = 1[0m
  [4;36;1mSQL (135.7ms)[0m   [0;1mCOMMIT[0m
Redirected to http://localhost:3000/comments
Completed in 245ms (DB: 164) | 302 Found [http://localhost/comments/1]
  [4;35;1mSQL (0.2ms)[0m   [0mSET NAMES 'utf8'[0m
  [4;36;1mSQL (0.3ms)[0m   [0;1mSET SQL_AUTO_IS_NULL=0[0m


Processing CommentsController#index (for 127.0.0.1 at 2010-08-12 23:13:38) [GET]
  [4;35;1mComment Load (0.7ms)[0m   [0mSELECT * FROM `comments` [0m
Rendering comments/index
  [4;36;1mComment Columns (2.8ms)[0m   [0;1mSHOW FIELDS FROM `comments`[0m
Completed in 85ms (View: 48, DB: 4) | 200 OK [http://localhost/comments]
  [4;35;1mSQL (0.2ms)[0m   [0mSET NAMES 'utf8'[0m
  [4;36;1mSQL (0.2ms)[0m   [0;1mSET SQL_AUTO_IS_NULL=0[0m


Processing CommentsController#edit (for 127.0.0.1 at 2010-08-12 23:13:54) [GET]
  Parameters: {"id"=>"3"}
  [4;35;1mComment Columns (2.1ms)[0m   [0mSHOW FIELDS FROM `comments`[0m
  [4;36;1mComment Load (1.1ms)[0m   [0;1mSELECT * FROM `comments` WHERE (`comments`.`id` = 3) [0m
Rendering comments/edit
Completed in 54ms (View: 28, DB: 4) | 200 OK [http://localhost/comments/3/edit]
  [4;35;1mSQL (0.5ms)[0m   [0mSET NAMES 'utf8'[0m
  [4;36;1mSQL (0.2ms)[0m   [0;1mSET SQL_AUTO_IS_NULL=0[0m


Processing CommentsController#index (for 127.0.0.1 at 2010-08-12 23:13:57) [GET]
  [4;35;1mComment Load (0.5ms)[0m   [0mSELECT * FROM `comments` [0m
Rendering comments/index
  [4;36;1mComment Columns (5.4ms)[0m   [0;1mSHOW FIELDS FROM `comments`[0m
Completed in 60ms (View: 37, DB: 7) | 200 OK [http://localhost/comments]
  [4;35;1mSQL (0.7ms)[0m   [0mSET NAMES 'utf8'[0m
  [4;36;1mSQL (0.3ms)[0m   [0;1mSET SQL_AUTO_IS_NULL=0[0m


Processing CommentsController#show (for 127.0.0.1 at 2010-08-12 23:14:18) [GET]
  Parameters: {"id"=>"2"}
  [4;35;1mComment Columns (2.5ms)[0m   [0mSHOW FIELDS FROM `comments`[0m
  [4;36;1mComment Load (0.9ms)[0m   [0;1mSELECT * FROM `comments` WHERE (`comments`.`id` = 2) [0m
Rendering comments/show
Completed in 53ms (View: 27, DB: 4) | 200 OK [http://localhost/comments/2]
  [4;35;1mSQL (0.2ms)[0m   [0mSET NAMES 'utf8'[0m
  [4;36;1mSQL (0.2ms)[0m   [0;1mSET SQL_AUTO_IS_NULL=0[0m


Processing CommentsController#index (for 127.0.0.1 at 2010-08-12 23:14:20) [GET]
  [4;35;1mComment Load (0.4ms)[0m   [0mSELECT * FROM `comments` [0m
Rendering comments/index
  [4;36;1mComment Columns (2.1ms)[0m   [0;1mSHOW FIELDS FROM `comments`[0m
Completed in 63ms (View: 42, DB: 3) | 200 OK [http://localhost/comments]
  [4;35;1mSQL (0.2ms)[0m   [0mSET NAMES 'utf8'[0m
  [4;36;1mSQL (0.2ms)[0m   [0;1mSET SQL_AUTO_IS_NULL=0[0m


Processing CommentsController#index (for 127.0.0.1 at 2010-08-12 23:14:42) [GET]
  [4;35;1mComment Load (0.6ms)[0m   [0mSELECT * FROM `comments` [0m
Rendering comments/index
  [4;36;1mComment Columns (3.3ms)[0m   [0;1mSHOW FIELDS FROM `comments`[0m
Completed in 62ms (View: 37, DB: 4) | 200 OK [http://localhost/comments]
  [4;35;1mSQL (0.5ms)[0m   [0mSET NAMES 'utf8'[0m
  [4;36;1mSQL (0.2ms)[0m   [0;1mSET SQL_AUTO_IS_NULL=0[0m


Processing CommentsController#edit (for 127.0.0.1 at 2010-08-12 23:14:43) [GET]
  Parameters: {"id"=>"2"}
  [4;35;1mComment Columns (6.0ms)[0m   [0mSHOW FIELDS FROM `comments`[0m
  [4;36;1mComment Load (0.4ms)[0m   [0;1mSELECT * FROM `comments` WHERE (`comments`.`id` = 2) [0m
Rendering comments/edit
Completed in 39ms (View: 12, DB: 7) | 200 OK [http://localhost/comments/2/edit]
  [4;35;1mSQL (0.2ms)[0m   [0mSET NAMES 'utf8'[0m
  [4;36;1mSQL (0.2ms)[0m   [0;1mSET SQL_AUTO_IS_NULL=0[0m


Processing CommentsController#edit (for 127.0.0.1 at 2010-08-12 23:14:48) [GET]
  Parameters: {"id"=>"2"}
  [4;35;1mComment Columns (2.0ms)[0m   [0mSHOW FIELDS FROM `comments`[0m
  [4;36;1mComment Load (0.4ms)[0m   [0;1mSELECT * FROM `comments` WHERE (`comments`.`id` = 2) [0m
Rendering comments/edit
Completed in 38ms (View: 14, DB: 3) | 200 OK [http://localhost/comments/2/edit]
  [4;35;1mSQL (0.4ms)[0m   [0mSET NAMES 'utf8'[0m
  [4;36;1mSQL (0.2ms)[0m   [0;1mSET SQL_AUTO_IS_NULL=0[0m


Processing CommentsController#update (for 127.0.0.1 at 2010-08-12 23:15:03) [PUT]
  Parameters: {"comment"=>{"body"=>"Hello LUDI!!!", "nickname"=>"Radik"}, "commit"=>"Update", "authenticity_token"=>"WByII7E8dpX1ZiEvbZlKjlJJppGDDJiWKzfyjf7Zomg=", "id"=>"2"}
  [4;35;1mComment Columns (3.7ms)[0m   [0mSHOW FIELDS FROM `comments`[0m
  [4;36;1mComment Load (0.5ms)[0m   [0;1mSELECT * FROM `comments` WHERE (`comments`.`id` = 2) [0m
  [4;35;1mSQL (0.5ms)[0m   [0mBEGIN[0m
  [4;36;1mComment Update (1.1ms)[0m   [0;1mUPDATE `comments` SET `updated_at` = '2010-08-13 06:15:03', `nickname` = 'Radik', `body` = 'Hello LUDI!!!' WHERE `id` = 2[0m
  [4;35;1mSQL (9.0ms)[0m   [0mCOMMIT[0m
Rendering comments/show
Completed in 62ms (View: 16, DB: 15) | 200 OK [http://localhost/comments/2]
  [4;36;1mSQL (0.2ms)[0m   [0;1mSET NAMES 'utf8'[0m
  [4;35;1mSQL (0.2ms)[0m   [0mSET SQL_AUTO_IS_NULL=0[0m


Processing CommentsController#index (for 127.0.0.1 at 2010-08-12 23:15:05) [GET]
  [4;36;1mComment Load (0.8ms)[0m   [0;1mSELECT * FROM `comments` [0m
Rendering comments/index
  [4;35;1mComment Columns (2.0ms)[0m   [0mSHOW FIELDS FROM `comments`[0m
Completed in 61ms (View: 36, DB: 3) | 200 OK [http://localhost/comments]
  [4;36;1mSQL (0.2ms)[0m   [0;1mSET NAMES 'utf8'[0m
  [4;35;1mSQL (0.3ms)[0m   [0mSET SQL_AUTO_IS_NULL=0[0m


Processing CommentsController#edit (for 127.0.0.1 at 2010-08-12 23:15:08) [GET]
  Parameters: {"id"=>"2"}
  [4;36;1mComment Columns (2.2ms)[0m   [0;1mSHOW FIELDS FROM `comments`[0m
  [4;35;1mComment Load (0.8ms)[0m   [0mSELECT * FROM `comments` WHERE (`comments`.`id` = 2) [0m
Rendering comments/edit
Completed in 58ms (View: 29, DB: 4) | 200 OK [http://localhost/comments/2/edit]
  [4;36;1mSQL (0.4ms)[0m   [0;1mSET NAMES 'utf8'[0m
  [4;35;1mSQL (0.3ms)[0m   [0mSET SQL_AUTO_IS_NULL=0[0m


Processing CommentsController#update (for 127.0.0.1 at 2010-08-12 23:15:10) [PUT]
  Parameters: {"comment"=>{"body"=>"Hello LUDI!!!", "nickname"=>"Radik"}, "commit"=>"Update", "authenticity_token"=>"WByII7E8dpX1ZiEvbZlKjlJJppGDDJiWKzfyjf7Zomg=", "id"=>"2"}
  [4;36;1mComment Columns (3.4ms)[0m   [0;1mSHOW FIELDS FROM `comments`[0m
  [4;35;1mComment Load (0.6ms)[0m   [0mSELECT * FROM `comments` WHERE (`comments`.`id` = 2) [0m
  [4;36;1mSQL (0.3ms)[0m   [0;1mBEGIN[0m
  [4;35;1mSQL (3.2ms)[0m   [0mCOMMIT[0m
Rendering comments/show
Completed in 44ms (View: 5, DB: 8) | 200 OK [http://localhost/comments/2]
  [4;36;1mSQL (0.7ms)[0m   [0;1mSET NAMES 'utf8'[0m
  [4;35;1mSQL (0.3ms)[0m   [0mSET SQL_AUTO_IS_NULL=0[0m


Processing CommentsController#index (for 127.0.0.1 at 2010-08-12 23:15:13) [GET]
  [4;36;1mComment Load (0.5ms)[0m   [0;1mSELECT * FROM `comments` [0m
Rendering comments/index
  [4;35;1mComment Columns (2.1ms)[0m   [0mSHOW FIELDS FROM `comments`[0m
Completed in 62ms (View: 40, DB: 4) | 200 OK [http://localhost/comments]
  [4;36;1mSQL (0.3ms)[0m   [0;1mSET NAMES 'utf8'[0m
  [4;35;1mSQL (0.3ms)[0m   [0mSET SQL_AUTO_IS_NULL=0[0m


Processing CommentsController#edit (for 127.0.0.1 at 2010-08-12 23:15:15) [GET]
  Parameters: {"id"=>"2"}
  [4;36;1mComment Columns (3.3ms)[0m   [0;1mSHOW FIELDS FROM `comments`[0m
  [4;35;1mComment Load (0.4ms)[0m   [0mSELECT * FROM `comments` WHERE (`comments`.`id` = 2) [0m
Rendering comments/edit
Completed in 41ms (View: 11, DB: 4) | 200 OK [http://localhost/comments/2/edit]
  [4;36;1mSQL (0.2ms)[0m   [0;1mSET NAMES 'utf8'[0m
  [4;35;1mSQL (0.2ms)[0m   [0mSET SQL_AUTO_IS_NULL=0[0m


Processing CommentsController#index (for 127.0.0.1 at 2010-08-12 23:15:18) [GET]
  [4;36;1mComment Load (0.8ms)[0m   [0;1mSELECT * FROM `comments` [0m
Rendering comments/index
  [4;35;1mComment Columns (2.0ms)[0m   [0mSHOW FIELDS FROM `comments`[0m
Completed in 60ms (View: 35, DB: 3) | 200 OK [http://localhost/comments]
